c:\users\jordan\desktop\공부\알고리즘_c++\codeup100\1024\x64\debug\vc143.pdb
c:\users\jordan\desktop\공부\알고리즘_c++\codeup100\1024\x64\debug\vc143.idb
c:\users\jordan\desktop\공부\알고리즘_c++\codeup100\1024\x64\debug\main.obj
c:\users\jordan\desktop\공부\알고리즘_c++\codeup100\x64\debug\1024.exe
c:\users\jordan\desktop\공부\알고리즘_c++\codeup100\1024\x64\debug\1024.ilk
c:\users\jordan\desktop\공부\알고리즘_c++\codeup100\x64\debug\1024.pdb
c:\users\leeso\desktop\c++\algorithm_cpp\codeup100\1024\x64\debug\main.obj
c:\users\leeso\desktop\c++\algorithm_cpp\codeup100\1024\x64\debug\main.obj.enc
c:\users\leeso\desktop\c++\algorithm_cpp\codeup100\1024\x64\debug\1024.ilk
c:\users\leeso\desktop\c++\algorithm_cpp\codeup100\1024\x64\debug\vc143.idb
c:\users\leeso\desktop\c++\algorithm_cpp\codeup100\1024\x64\debug\vc143.pdb
c:\users\leeso\desktop\c++\algorithm_cpp\codeup100\x64\debug\1024.pdb
c:\users\leeso\desktop\c++\algorithm_cpp\codeup100\x64\debug\1024.exe
c:\users\leeso\desktop\c++\algorithm_cpp\codeup100\1024\x64\debug\1024.tlog\cl.command.1.tlog
c:\users\leeso\desktop\c++\algorithm_cpp\codeup100\1024\x64\debug\1024.tlog\cl.items.tlog
c:\users\leeso\desktop\c++\algorithm_cpp\codeup100\1024\x64\debug\1024.tlog\cl.read.1.tlog
c:\users\leeso\desktop\c++\algorithm_cpp\codeup100\1024\x64\debug\1024.tlog\cl.write.1.tlog
c:\users\leeso\desktop\c++\algorithm_cpp\codeup100\1024\x64\debug\1024.tlog\link.command.1.tlog
c:\users\leeso\desktop\c++\algorithm_cpp\codeup100\1024\x64\debug\1024.tlog\link.read.1.tlog
c:\users\leeso\desktop\c++\algorithm_cpp\codeup100\1024\x64\debug\1024.tlog\link.write.1.tlog
